[2025-06-07T14:12:37.053+0000] {local_task_job_runner.py:123} INFO - ::group::Pre task execution logs
[2025-06-07T14:12:37.064+0000] {taskinstance.py:2613} INFO - Dependencies all met for dep_context=non-requeueable deps ti=<TaskInstance: stephen_curry_stats_medallion_etl.silver_to_gold manual__2025-06-07T14:12:35.835775+00:00 [queued]>
[2025-06-07T14:12:37.068+0000] {taskinstance.py:2613} INFO - Dependencies all met for dep_context=requeueable deps ti=<TaskInstance: stephen_curry_stats_medallion_etl.silver_to_gold manual__2025-06-07T14:12:35.835775+00:00 [queued]>
[2025-06-07T14:12:37.069+0000] {taskinstance.py:2866} INFO - Starting attempt 1 of 2
[2025-06-07T14:12:37.075+0000] {taskinstance.py:2889} INFO - Executing <Task(SparkSubmitOperator): silver_to_gold> on 2025-06-07 14:12:35.835775+00:00
[2025-06-07T14:12:37.078+0000] {standard_task_runner.py:72} INFO - Started process 3109 to run task
[2025-06-07T14:12:37.081+0000] {standard_task_runner.py:104} INFO - Running: ['***', 'tasks', 'run', 'stephen_curry_stats_medallion_etl', 'silver_to_gold', 'manual__2025-06-07T14:12:35.835775+00:00', '--job-id', '86', '--raw', '--subdir', 'DAGS_FOLDER/medallion_sales_etl_dag.py', '--cfg-path', '/tmp/tmpa5lc14bu']
[2025-06-07T14:12:37.084+0000] {standard_task_runner.py:105} INFO - Job 86: Subtask silver_to_gold
[2025-06-07T14:12:37.124+0000] {task_command.py:467} INFO - Running <TaskInstance: stephen_curry_stats_medallion_etl.silver_to_gold manual__2025-06-07T14:12:35.835775+00:00 [running]> on host 5ebb95484de3
[2025-06-07T14:12:37.183+0000] {taskinstance.py:3132} INFO - Exporting env vars: AIRFLOW_CTX_DAG_OWNER='***' AIRFLOW_CTX_DAG_ID='stephen_curry_stats_medallion_etl' AIRFLOW_CTX_TASK_ID='silver_to_gold' AIRFLOW_CTX_EXECUTION_DATE='2025-06-07T14:12:35.835775+00:00' AIRFLOW_CTX_TRY_NUMBER='1' AIRFLOW_CTX_DAG_RUN_ID='manual__2025-06-07T14:12:35.835775+00:00'
[2025-06-07T14:12:37.184+0000] {taskinstance.py:731} INFO - ::endgroup::
[2025-06-07T14:12:37.207+0000] {base.py:84} INFO - Retrieving connection 'spark_default'
[2025-06-07T14:12:37.209+0000] {spark_submit.py:474} INFO - Spark-Submit cmd: spark-submit --master spark://spark-master:7077 --conf spark.executor.memory=2g --conf spark.sql.extensions=io.delta.sql.DeltaSparkSessionExtension --conf spark.sql.catalog.spark_catalog=org.apache.spark.sql.delta.catalog.DeltaCatalog --conf spark.hadoop.fs.s3a.endpoint=http://minio:9000 --conf spark.hadoop.fs.s3a.access.key=None --conf spark.hadoop.fs.s3a.secret.key=****** --conf spark.hadoop.fs.s3a.path.style.access=true --conf spark.hadoop.fs.s3a.impl=org.apache.hadoop.fs.s3a.S3AFileSystem --conf spark.hadoop.fs.s3a.aws.credentials.provider=org.apache.hadoop.fs.s3a.SimpleAWSCredentialsProvider --packages org.apache.hadoop:hadoop-aws:3.3.4,com.amazonaws:aws-java-sdk-bundle:1.12.262,io.delta:delta-spark_2.12:3.2.0 --name arrow-spark --queue root.default --deploy-mode client dags/silver_to_gold_sc_summary_etl.py
[2025-06-07T14:12:38.054+0000] {spark_submit.py:644} INFO - :: loading settings :: url = jar:file:/home/***/.local/lib/python3.11/site-packages/pyspark/jars/ivy-2.5.1.jar!/org/apache/ivy/core/settings/ivysettings.xml
[2025-06-07T14:12:38.106+0000] {spark_submit.py:644} INFO - Ivy Default Cache set to: /home/***/.ivy2/cache
[2025-06-07T14:12:38.108+0000] {spark_submit.py:644} INFO - The jars for the packages stored in: /home/***/.ivy2/jars
[2025-06-07T14:12:38.109+0000] {spark_submit.py:644} INFO - org.apache.hadoop#hadoop-aws added as a dependency
[2025-06-07T14:12:38.111+0000] {spark_submit.py:644} INFO - com.amazonaws#aws-java-sdk-bundle added as a dependency
[2025-06-07T14:12:38.112+0000] {spark_submit.py:644} INFO - io.delta#delta-spark_2.12 added as a dependency
[2025-06-07T14:12:38.112+0000] {spark_submit.py:644} INFO - :: resolving dependencies :: org.apache.spark#spark-submit-parent-21eede89-01c4-4dc0-93b1-156bcd114b8f;1.0
[2025-06-07T14:12:38.113+0000] {spark_submit.py:644} INFO - confs: [default]
[2025-06-07T14:12:38.205+0000] {spark_submit.py:644} INFO - found org.apache.hadoop#hadoop-aws;3.3.4 in central
[2025-06-07T14:12:38.218+0000] {spark_submit.py:644} INFO - found com.amazonaws#aws-java-sdk-bundle;1.12.262 in central
[2025-06-07T14:12:38.231+0000] {spark_submit.py:644} INFO - found org.wildfly.openssl#wildfly-openssl;1.0.7.Final in central
[2025-06-07T14:12:40.516+0000] {spark_submit.py:644} INFO - :: resolution report :: resolve 2400ms :: artifacts dl 6ms
[2025-06-07T14:12:40.516+0000] {spark_submit.py:644} INFO - :: modules in use:
[2025-06-07T14:12:40.517+0000] {spark_submit.py:644} INFO - com.amazonaws#aws-java-sdk-bundle;1.12.262 from central in [default]
[2025-06-07T14:12:40.517+0000] {spark_submit.py:644} INFO - org.apache.hadoop#hadoop-aws;3.3.4 from central in [default]
[2025-06-07T14:12:40.517+0000] {spark_submit.py:644} INFO - org.wildfly.openssl#wildfly-openssl;1.0.7.Final from central in [default]
[2025-06-07T14:12:40.517+0000] {spark_submit.py:644} INFO - ---------------------------------------------------------------------
[2025-06-07T14:12:40.518+0000] {spark_submit.py:644} INFO - |                  |            modules            ||   artifacts   |
[2025-06-07T14:12:40.518+0000] {spark_submit.py:644} INFO - |       conf       | number| search|dwnlded|evicted|| number|dwnlded|
[2025-06-07T14:12:40.519+0000] {spark_submit.py:644} INFO - ---------------------------------------------------------------------
[2025-06-07T14:12:40.519+0000] {spark_submit.py:644} INFO - |      default     |   4   |   0   |   0   |   0   ||   3   |   0   |
[2025-06-07T14:12:40.520+0000] {spark_submit.py:644} INFO - ---------------------------------------------------------------------
[2025-06-07T14:12:40.520+0000] {spark_submit.py:644} INFO - 
[2025-06-07T14:12:40.520+0000] {spark_submit.py:644} INFO - :: problems summary ::
[2025-06-07T14:12:40.520+0000] {spark_submit.py:644} INFO - :::: WARNINGS
[2025-06-07T14:12:40.521+0000] {spark_submit.py:644} INFO - problem while downloading module descriptor: https://repo1.maven.org/maven2/io/delta/delta-spark_2.12/3.2.0/delta-spark_2.12-3.2.0.pom: impossible to move part file to definitive one: /home/***/.ivy2/cache/io.delta/delta-spark_2.12/ivy-3.2.0.xml.original.part -> /home/***/.ivy2/cache/io.delta/delta-spark_2.12/ivy-3.2.0.xml.original (263ms)
[2025-06-07T14:12:40.521+0000] {spark_submit.py:644} INFO - 
[2025-06-07T14:12:40.521+0000] {spark_submit.py:644} INFO - module not found: io.delta#delta-spark_2.12;3.2.0
[2025-06-07T14:12:40.521+0000] {spark_submit.py:644} INFO - 
[2025-06-07T14:12:40.522+0000] {spark_submit.py:644} INFO - ==== local-m2-cache: tried
[2025-06-07T14:12:40.522+0000] {spark_submit.py:644} INFO - 
[2025-06-07T14:12:40.522+0000] {spark_submit.py:644} INFO - file:/home/***/.m2/repository/io/delta/delta-spark_2.12/3.2.0/delta-spark_2.12-3.2.0.pom
[2025-06-07T14:12:40.522+0000] {spark_submit.py:644} INFO - 
[2025-06-07T14:12:40.523+0000] {spark_submit.py:644} INFO - -- artifact io.delta#delta-spark_2.12;3.2.0!delta-spark_2.12.jar:
[2025-06-07T14:12:40.523+0000] {spark_submit.py:644} INFO - 
[2025-06-07T14:12:40.524+0000] {spark_submit.py:644} INFO - file:/home/***/.m2/repository/io/delta/delta-spark_2.12/3.2.0/delta-spark_2.12-3.2.0.jar
[2025-06-07T14:12:40.524+0000] {spark_submit.py:644} INFO - 
[2025-06-07T14:12:40.524+0000] {spark_submit.py:644} INFO - ==== local-ivy-cache: tried
[2025-06-07T14:12:40.525+0000] {spark_submit.py:644} INFO - 
[2025-06-07T14:12:40.525+0000] {spark_submit.py:644} INFO - /home/***/.ivy2/local/io.delta/delta-spark_2.12/3.2.0/ivys/ivy.xml
[2025-06-07T14:12:40.525+0000] {spark_submit.py:644} INFO - 
[2025-06-07T14:12:40.525+0000] {spark_submit.py:644} INFO - -- artifact io.delta#delta-spark_2.12;3.2.0!delta-spark_2.12.jar:
[2025-06-07T14:12:40.526+0000] {spark_submit.py:644} INFO - 
[2025-06-07T14:12:40.526+0000] {spark_submit.py:644} INFO - /home/***/.ivy2/local/io.delta/delta-spark_2.12/3.2.0/jars/delta-spark_2.12.jar
[2025-06-07T14:12:40.526+0000] {spark_submit.py:644} INFO - 
[2025-06-07T14:12:40.526+0000] {spark_submit.py:644} INFO - ==== central: tried
[2025-06-07T14:12:40.527+0000] {spark_submit.py:644} INFO - 
[2025-06-07T14:12:40.527+0000] {spark_submit.py:644} INFO - https://repo1.maven.org/maven2/io/delta/delta-spark_2.12/3.2.0/delta-spark_2.12-3.2.0.pom
[2025-06-07T14:12:40.527+0000] {spark_submit.py:644} INFO - 
[2025-06-07T14:12:40.527+0000] {spark_submit.py:644} INFO - ==== spark-packages: tried
[2025-06-07T14:12:40.528+0000] {spark_submit.py:644} INFO - 
[2025-06-07T14:12:40.528+0000] {spark_submit.py:644} INFO - https://repos.spark-packages.org/io/delta/delta-spark_2.12/3.2.0/delta-spark_2.12-3.2.0.pom
[2025-06-07T14:12:40.528+0000] {spark_submit.py:644} INFO - 
[2025-06-07T14:12:40.528+0000] {spark_submit.py:644} INFO - -- artifact io.delta#delta-spark_2.12;3.2.0!delta-spark_2.12.jar:
[2025-06-07T14:12:40.528+0000] {spark_submit.py:644} INFO - 
[2025-06-07T14:12:40.528+0000] {spark_submit.py:644} INFO - https://repos.spark-packages.org/io/delta/delta-spark_2.12/3.2.0/delta-spark_2.12-3.2.0.jar
[2025-06-07T14:12:40.529+0000] {spark_submit.py:644} INFO - 
[2025-06-07T14:12:40.529+0000] {spark_submit.py:644} INFO - ::::::::::::::::::::::::::::::::::::::::::::::
[2025-06-07T14:12:40.529+0000] {spark_submit.py:644} INFO - 
[2025-06-07T14:12:40.529+0000] {spark_submit.py:644} INFO - ::          UNRESOLVED DEPENDENCIES         ::
[2025-06-07T14:12:40.529+0000] {spark_submit.py:644} INFO - 
[2025-06-07T14:12:40.529+0000] {spark_submit.py:644} INFO - ::::::::::::::::::::::::::::::::::::::::::::::
[2025-06-07T14:12:40.530+0000] {spark_submit.py:644} INFO - 
[2025-06-07T14:12:40.530+0000] {spark_submit.py:644} INFO - :: io.delta#delta-spark_2.12;3.2.0: not found
[2025-06-07T14:12:40.530+0000] {spark_submit.py:644} INFO - 
[2025-06-07T14:12:40.530+0000] {spark_submit.py:644} INFO - ::::::::::::::::::::::::::::::::::::::::::::::
[2025-06-07T14:12:40.530+0000] {spark_submit.py:644} INFO - 
[2025-06-07T14:12:40.530+0000] {spark_submit.py:644} INFO - 
[2025-06-07T14:12:40.530+0000] {spark_submit.py:644} INFO - 
[2025-06-07T14:12:40.531+0000] {spark_submit.py:644} INFO - :: USE VERBOSE OR DEBUG MESSAGE LEVEL FOR MORE DETAILS
[2025-06-07T14:12:40.531+0000] {spark_submit.py:644} INFO - Exception in thread "main" java.lang.RuntimeException: [unresolved dependency: io.delta#delta-spark_2.12;3.2.0: not found]
[2025-06-07T14:12:40.531+0000] {spark_submit.py:644} INFO - at org.apache.spark.deploy.SparkSubmitUtils$.resolveMavenCoordinates(SparkSubmit.scala:1608)
[2025-06-07T14:12:40.531+0000] {spark_submit.py:644} INFO - at org.apache.spark.util.DependencyUtils$.resolveMavenDependencies(DependencyUtils.scala:185)
[2025-06-07T14:12:40.531+0000] {spark_submit.py:644} INFO - at org.apache.spark.deploy.SparkSubmit.prepareSubmitEnvironment(SparkSubmit.scala:334)
[2025-06-07T14:12:40.531+0000] {spark_submit.py:644} INFO - at org.apache.spark.deploy.SparkSubmit.org$apache$spark$deploy$SparkSubmit$$runMain(SparkSubmit.scala:964)
[2025-06-07T14:12:40.531+0000] {spark_submit.py:644} INFO - at org.apache.spark.deploy.SparkSubmit.doRunMain$1(SparkSubmit.scala:194)
[2025-06-07T14:12:40.531+0000] {spark_submit.py:644} INFO - at org.apache.spark.deploy.SparkSubmit.submit(SparkSubmit.scala:217)
[2025-06-07T14:12:40.531+0000] {spark_submit.py:644} INFO - at org.apache.spark.deploy.SparkSubmit.doSubmit(SparkSubmit.scala:91)
[2025-06-07T14:12:40.532+0000] {spark_submit.py:644} INFO - at org.apache.spark.deploy.SparkSubmit$$anon$2.doSubmit(SparkSubmit.scala:1120)
[2025-06-07T14:12:40.532+0000] {spark_submit.py:644} INFO - at org.apache.spark.deploy.SparkSubmit$.main(SparkSubmit.scala:1129)
[2025-06-07T14:12:40.532+0000] {spark_submit.py:644} INFO - at org.apache.spark.deploy.SparkSubmit.main(SparkSubmit.scala)
[2025-06-07T14:12:40.552+0000] {taskinstance.py:3311} ERROR - Task failed with exception
Traceback (most recent call last):
  File "/home/airflow/.local/lib/python3.11/site-packages/airflow/models/taskinstance.py", line 767, in _execute_task
    result = _execute_callable(context=context, **execute_callable_kwargs)
             ^^^^^^^^^^^^^^^^^^^^^^^^^^^^^^^^^^^^^^^^^^^^^^^^^^^^^^^^^^^^^
  File "/home/airflow/.local/lib/python3.11/site-packages/airflow/models/taskinstance.py", line 733, in _execute_callable
    return ExecutionCallableRunner(
           ^^^^^^^^^^^^^^^^^^^^^^^^
  File "/home/airflow/.local/lib/python3.11/site-packages/airflow/utils/operator_helpers.py", line 252, in run
    return self.func(*args, **kwargs)
           ^^^^^^^^^^^^^^^^^^^^^^^^^^
  File "/home/airflow/.local/lib/python3.11/site-packages/airflow/models/baseoperator.py", line 417, in wrapper
    return func(self, *args, **kwargs)
           ^^^^^^^^^^^^^^^^^^^^^^^^^^^
  File "/home/airflow/.local/lib/python3.11/site-packages/airflow/providers/apache/spark/operators/spark_submit.py", line 197, in execute
    self._hook.submit(self.application)
  File "/home/airflow/.local/lib/python3.11/site-packages/airflow/providers/apache/spark/hooks/spark_submit.py", line 566, in submit
    raise AirflowException(
airflow.exceptions.AirflowException: Cannot execute: spark-submit --master spark://spark-master:7077 --conf spark.executor.memory=2g --conf spark.sql.extensions=io.delta.sql.DeltaSparkSessionExtension --conf spark.sql.catalog.spark_catalog=org.apache.spark.sql.delta.catalog.DeltaCatalog --conf spark.hadoop.fs.s3a.endpoint=http://minio:9000 --conf spark.hadoop.fs.s3a.access.key=None --conf spark.hadoop.fs.s3a.secret.key=****** --conf spark.hadoop.fs.s3a.path.style.access=true --conf spark.hadoop.fs.s3a.impl=org.apache.hadoop.fs.s3a.S3AFileSystem --conf spark.hadoop.fs.s3a.aws.credentials.provider=org.apache.hadoop.fs.s3a.SimpleAWSCredentialsProvider --packages org.apache.hadoop:hadoop-aws:3.3.4,com.amazonaws:aws-java-sdk-bundle:1.12.262,io.delta:delta-spark_2.12:3.2.0 --name arrow-spark --queue root.default --deploy-mode client dags/silver_to_gold_sc_summary_etl.py. Error code is: 1.
[2025-06-07T14:12:40.557+0000] {taskinstance.py:1225} INFO - Marking task as UP_FOR_RETRY. dag_id=stephen_curry_stats_medallion_etl, task_id=silver_to_gold, run_id=manual__2025-06-07T14:12:35.835775+00:00, execution_date=20250607T141235, start_date=20250607T141237, end_date=20250607T141240
[2025-06-07T14:12:40.566+0000] {taskinstance.py:340} INFO - ::group::Post task execution logs
[2025-06-07T14:12:40.566+0000] {standard_task_runner.py:124} ERROR - Failed to execute job 86 for task silver_to_gold (Cannot execute: spark-submit --master spark://spark-master:7077 --conf spark.executor.memory=2g --conf spark.sql.extensions=io.delta.sql.DeltaSparkSessionExtension --conf spark.sql.catalog.spark_catalog=org.apache.spark.sql.delta.catalog.DeltaCatalog --conf spark.hadoop.fs.s3a.endpoint=http://minio:9000 --conf spark.hadoop.fs.s3a.access.key=None --conf spark.hadoop.fs.s3a.secret.key=****** --conf spark.hadoop.fs.s3a.path.style.access=true --conf spark.hadoop.fs.s3a.impl=org.apache.hadoop.fs.s3a.S3AFileSystem --conf spark.hadoop.fs.s3a.aws.credentials.provider=org.apache.hadoop.fs.s3a.SimpleAWSCredentialsProvider --packages org.apache.hadoop:hadoop-aws:3.3.4,com.amazonaws:aws-java-sdk-bundle:1.12.262,io.delta:delta-spark_2.12:3.2.0 --name arrow-spark --queue root.default --deploy-mode client dags/silver_to_gold_sc_summary_etl.py. Error code is: 1.; 3109)
Traceback (most recent call last):
  File "/home/airflow/.local/lib/python3.11/site-packages/airflow/task/task_runner/standard_task_runner.py", line 117, in _start_by_fork
    ret = args.func(args, dag=self.dag)
          ^^^^^^^^^^^^^^^^^^^^^^^^^^^^^
  File "/home/airflow/.local/lib/python3.11/site-packages/airflow/cli/cli_config.py", line 49, in command
    return func(*args, **kwargs)
           ^^^^^^^^^^^^^^^^^^^^^
  File "/home/airflow/.local/lib/python3.11/site-packages/airflow/utils/cli.py", line 116, in wrapper
    return f(*args, **kwargs)
           ^^^^^^^^^^^^^^^^^^
  File "/home/airflow/.local/lib/python3.11/site-packages/airflow/cli/commands/task_command.py", line 483, in task_run
    task_return_code = _run_task_by_selected_method(args, _dag, ti)
                       ^^^^^^^^^^^^^^^^^^^^^^^^^^^^^^^^^^^^^^^^^^^^
  File "/home/airflow/.local/lib/python3.11/site-packages/airflow/cli/commands/task_command.py", line 256, in _run_task_by_selected_method
    return _run_raw_task(args, ti)
           ^^^^^^^^^^^^^^^^^^^^^^^
  File "/home/airflow/.local/lib/python3.11/site-packages/airflow/cli/commands/task_command.py", line 341, in _run_raw_task
    return ti._run_raw_task(
           ^^^^^^^^^^^^^^^^^
  File "/home/airflow/.local/lib/python3.11/site-packages/airflow/utils/session.py", line 97, in wrapper
    return func(*args, session=session, **kwargs)
           ^^^^^^^^^^^^^^^^^^^^^^^^^^^^^^^^^^^^^^
  File "/home/airflow/.local/lib/python3.11/site-packages/airflow/models/taskinstance.py", line 3005, in _run_raw_task
    return _run_raw_task(
           ^^^^^^^^^^^^^^
  File "/home/airflow/.local/lib/python3.11/site-packages/airflow/models/taskinstance.py", line 273, in _run_raw_task
    TaskInstance._execute_task_with_callbacks(
  File "/home/airflow/.local/lib/python3.11/site-packages/airflow/models/taskinstance.py", line 3159, in _execute_task_with_callbacks
    result = self._execute_task(context, task_orig)
             ^^^^^^^^^^^^^^^^^^^^^^^^^^^^^^^^^^^^^^
  File "/home/airflow/.local/lib/python3.11/site-packages/airflow/models/taskinstance.py", line 3183, in _execute_task
    return _execute_task(self, context, task_orig)
           ^^^^^^^^^^^^^^^^^^^^^^^^^^^^^^^^^^^^^^^
  File "/home/airflow/.local/lib/python3.11/site-packages/airflow/models/taskinstance.py", line 767, in _execute_task
    result = _execute_callable(context=context, **execute_callable_kwargs)
             ^^^^^^^^^^^^^^^^^^^^^^^^^^^^^^^^^^^^^^^^^^^^^^^^^^^^^^^^^^^^^
  File "/home/airflow/.local/lib/python3.11/site-packages/airflow/models/taskinstance.py", line 733, in _execute_callable
    return ExecutionCallableRunner(
           ^^^^^^^^^^^^^^^^^^^^^^^^
  File "/home/airflow/.local/lib/python3.11/site-packages/airflow/utils/operator_helpers.py", line 252, in run
    return self.func(*args, **kwargs)
           ^^^^^^^^^^^^^^^^^^^^^^^^^^
  File "/home/airflow/.local/lib/python3.11/site-packages/airflow/models/baseoperator.py", line 417, in wrapper
    return func(self, *args, **kwargs)
           ^^^^^^^^^^^^^^^^^^^^^^^^^^^
  File "/home/airflow/.local/lib/python3.11/site-packages/airflow/providers/apache/spark/operators/spark_submit.py", line 197, in execute
    self._hook.submit(self.application)
  File "/home/airflow/.local/lib/python3.11/site-packages/airflow/providers/apache/spark/hooks/spark_submit.py", line 566, in submit
    raise AirflowException(
airflow.exceptions.AirflowException: Cannot execute: spark-submit --master spark://spark-master:7077 --conf spark.executor.memory=2g --conf spark.sql.extensions=io.delta.sql.DeltaSparkSessionExtension --conf spark.sql.catalog.spark_catalog=org.apache.spark.sql.delta.catalog.DeltaCatalog --conf spark.hadoop.fs.s3a.endpoint=http://minio:9000 --conf spark.hadoop.fs.s3a.access.key=None --conf spark.hadoop.fs.s3a.secret.key=****** --conf spark.hadoop.fs.s3a.path.style.access=true --conf spark.hadoop.fs.s3a.impl=org.apache.hadoop.fs.s3a.S3AFileSystem --conf spark.hadoop.fs.s3a.aws.credentials.provider=org.apache.hadoop.fs.s3a.SimpleAWSCredentialsProvider --packages org.apache.hadoop:hadoop-aws:3.3.4,com.amazonaws:aws-java-sdk-bundle:1.12.262,io.delta:delta-spark_2.12:3.2.0 --name arrow-spark --queue root.default --deploy-mode client dags/silver_to_gold_sc_summary_etl.py. Error code is: 1.
[2025-06-07T14:12:40.600+0000] {local_task_job_runner.py:266} INFO - Task exited with return code 1
[2025-06-07T14:12:40.614+0000] {taskinstance.py:3895} INFO - 0 downstream tasks scheduled from follow-on schedule check
[2025-06-07T14:12:40.615+0000] {local_task_job_runner.py:245} INFO - ::endgroup::
